E:\WORKSTATION\CODELIBRARY\LUA\LUATOOLS\DEBUG\LUATOOLS.DLL
E:\Workstation\CodeLibrary\Lua\luatools\Debug\luatools.exp
E:\WORKSTATION\CODELIBRARY\LUA\LUATOOLS\DEBUG\LUATOOLS.ILK
E:\Workstation\CodeLibrary\Lua\luatools\Debug\luatools.lib
E:\WORKSTATION\CODELIBRARY\LUA\LUATOOLS\DEBUG\LUATOOLS.PDB
E:\Workstation\CodeLibrary\Lua\luatools\luatools\Debug\cl.command.1.tlog
E:\Workstation\CodeLibrary\Lua\luatools\luatools\Debug\CL.read.1.tlog
E:\Workstation\CodeLibrary\Lua\luatools\luatools\Debug\CL.write.1.tlog
E:\Workstation\CodeLibrary\Lua\luatools\luatools\Debug\link.12404.read.1.tlog
E:\Workstation\CodeLibrary\Lua\luatools\luatools\Debug\link.12404.write.1.tlog
E:\Workstation\CodeLibrary\Lua\luatools\luatools\Debug\link.12404-cvtres.read.1.tlog
E:\Workstation\CodeLibrary\Lua\luatools\luatools\Debug\link.12404-cvtres.write.1.tlog
E:\Workstation\CodeLibrary\Lua\luatools\luatools\Debug\link.command.1.tlog
E:\Workstation\CodeLibrary\Lua\luatools\luatools\Debug\link.read.1.tlog
E:\Workstation\CodeLibrary\Lua\luatools\luatools\Debug\link.write.1.tlog
E:\Workstation\CodeLibrary\Lua\luatools\luatools\Debug\link-cvtres.read.1.tlog
E:\Workstation\CodeLibrary\Lua\luatools\luatools\Debug\link-cvtres.write.1.tlog
E:\WORKSTATION\CODELIBRARY\LUA\LUATOOLS\LUATOOLS\DEBUG\LUATOOLS.DLL.EMBED.MANIFEST
E:\WORKSTATION\CODELIBRARY\LUA\LUATOOLS\LUATOOLS\DEBUG\LUATOOLS.DLL.EMBED.MANIFEST.RES
E:\WORKSTATION\CODELIBRARY\LUA\LUATOOLS\LUATOOLS\DEBUG\LUATOOLS.DLL.INTERMEDIATE.MANIFEST
E:\WORKSTATION\CODELIBRARY\LUA\LUATOOLS\LUATOOLS\DEBUG\LUATOOLS.OBJ
E:\Workstation\CodeLibrary\Lua\luatools\luatools\Debug\luatools.write.1.tlog
E:\Workstation\CodeLibrary\Lua\luatools\luatools\Debug\luatools_manifest.rc
E:\Workstation\CodeLibrary\Lua\luatools\luatools\Debug\mt.command.1.tlog
E:\Workstation\CodeLibrary\Lua\luatools\luatools\Debug\mt.read.1.tlog
E:\Workstation\CodeLibrary\Lua\luatools\luatools\Debug\mt.write.1.tlog
E:\Workstation\CodeLibrary\Lua\luatools\luatools\Debug\rc.command.1.tlog
E:\Workstation\CodeLibrary\Lua\luatools\luatools\Debug\rc.read.1.tlog
E:\Workstation\CodeLibrary\Lua\luatools\luatools\Debug\rc.write.1.tlog
E:\WORKSTATION\CODELIBRARY\LUA\LUATOOLS\LUATOOLS\DEBUG\TIMER.OBJ
E:\WORKSTATION\CODELIBRARY\LUA\LUATOOLS\LUATOOLS\DEBUG\TOOLS.OBJ
E:\Workstation\CodeLibrary\Lua\luatools\luatools\Debug\vc100.idb
E:\WORKSTATION\CODELIBRARY\LUA\LUATOOLS\LUATOOLS\DEBUG\VC100.PDB
